<?xml version="1.0" encoding="UTF-8"?>
<testsuite name="org.example.CalculatorTest" tests="5" skipped="0" failures="0" errors="0" timestamp="2024-01-05T14:45:16" hostname="VITORPC" time="0.044">
  <properties/>
  <testcase name="divideTest()" classname="org.example.CalculatorTest" time="0.035"/>
  <testcase name="testDivideByZero()" classname="org.example.CalculatorTest" time="0.005"/>
  <testcase name="addTest()" classname="org.example.CalculatorTest" time="0.001"/>
  <testcase name="multiplyTest()" classname="org.example.CalculatorTest" time="0.001"/>
  <testcase name="subtractTest()" classname="org.example.CalculatorTest" time="0.001"/>
  <system-out><![CDATA[]]></system-out>
  <system-err><![CDATA[]]></system-err>
</testsuite>
